<?xml version="1.0" encoding="UTF-8"?>
<!-- Generated by org.testng.reporters.JUnitXMLReporter -->
<testsuite hostname="basem-PC" ignored="0" name="Swag_Laps" tests="10" failures="1" timestamp="2024-01-26T17:16:29 EET" time="50.72" errors="0">
  <testcase name="TC_Login_With_Registered_Username_And_Correct_Password" time="3.104" classname="Test_Cases.Login"/>
  <testcase name="TC_Login_With_Wrong_Username_And_Password" time="0.724" classname="Test_Cases.Login"/>
  <testcase name="TC_Login_With_Empty_Data" time="0.259" classname="Test_Cases.Login"/>
  <testcase name="Add_Product_To_Cart" time="1.09" classname="Test_Cases.Cart"/>
  <testcase name="Checkout_With_Empty_Cart" time="3.847" classname="Test_Cases.Cart">
    <failure type="java.lang.AssertionError" message="expected [you should add product first to your cart] but found [Thank you for your order!]">
      <![CDATA[java.lang.AssertionError: expected [you should add product first to your cart] but found [Thank you for your order!]
at Test_Cases.Cart.Checkout_With_Empty_Cart(Cart.java:103)
at java.util.ArrayList.forEach(ArrayList.java:1259)
... Removed 31 stack frames]]>
    </failure>
  </testcase> <!-- Checkout_With_Empty_Cart -->
  <testcase name="Remove_Product_From_Cart" time="0.768" classname="Test_Cases.Cart"/>
  <testcase name="Back_To_home_Page" time="0.646" classname="Test_Cases.Cart"/>
  <testcase name="Checkout_Test" time="1.129" classname="Test_Cases.Cart"/>
  <testcase name="Logout_test" time="2.71" classname="Test_Cases.Logout"/>
  <testcase name="About_us" time="23.882" classname="Test_Cases.About_us"/>
</testsuite> <!-- Swag_Laps -->
