<?xml version="1.0" encoding="UTF-8"?>
<testng-results skipped="0" failed="1" ignored="0" total="10" passed="9">
  <reporter-output>
  </reporter-output>
  <suite name="test" duration-ms="50720" started-at="2024-01-26T17:15:38 EET" finished-at="2024-01-26T17:16:29 EET">
    <groups>
    </groups>
    <test name="Swag_Laps" duration-ms="50720" started-at="2024-01-26T17:15:38 EET" finished-at="2024-01-26T17:16:29 EET">
      <class name="Test_Cases.About_us">
        <test-method status="PASS" signature="Open_Browser()[pri:0, instance:Test_Cases.About_us@2a65bb85]" name="Open_Browser" is-config="true" duration-ms="445" started-at="2024-01-26T17:15:38 EET" finished-at="2024-01-26T17:15:39 EET">
          <reporter-output>
          </reporter-output>
        </test-method> <!-- Open_Browser -->
        <test-method status="PASS" signature="About_us(java.lang.String, java.lang.String, java.lang.String, java.lang.String, java.lang.String, java.lang.String, java.lang.String)[pri:0, instance:Test_Cases.About_us@2a65bb85]" name="About_us" duration-ms="23882" started-at="2024-01-26T17:15:57 EET" data-provider="test_data" finished-at="2024-01-26T17:16:20 EET">
          <params>
            <param index="0">
              <value>
                <![CDATA[standard_user]]>
              </value>
            </param>
            <param index="1">
              <value>
                <![CDATA[secret_sauce]]>
              </value>
            </param>
            <param index="2">
              <value>
                <![CDATA[User_000]]>
              </value>
            </param>
            <param index="3">
              <value>
                <![CDATA[Pass_000]]>
              </value>
            </param>
            <param index="4">
              <value>
                <![CDATA[Antonio ]]>
              </value>
            </param>
            <param index="5">
              <value>
                <![CDATA[Garnier]]>
              </value>
            </param>
            <param index="6">
              <value>
                <![CDATA[a758127]]>
              </value>
            </param>
          </params>
          <reporter-output>
          </reporter-output>
        </test-method> <!-- About_us -->
        <test-method status="PASS" signature="CLose_Browser()[pri:0, instance:Test_Cases.About_us@2a65bb85]" name="CLose_Browser" is-config="true" duration-ms="2581" started-at="2024-01-26T17:16:20 EET" finished-at="2024-01-26T17:16:23 EET">
          <reporter-output>
          </reporter-output>
        </test-method> <!-- CLose_Browser -->
      </class> <!-- Test_Cases.About_us -->
      <class name="Test_Cases.Cart">
        <test-method status="PASS" signature="Open_Browser()[pri:0, instance:Test_Cases.Cart@4b85880b]" name="Open_Browser" is-config="true" duration-ms="2269" started-at="2024-01-26T17:15:44 EET" finished-at="2024-01-26T17:15:46 EET">
          <reporter-output>
          </reporter-output>
        </test-method> <!-- Open_Browser -->
        <test-method status="PASS" signature="Add_Product_To_Cart(java.lang.String, java.lang.String, java.lang.String, java.lang.String, java.lang.String, java.lang.String, java.lang.String)[pri:0, instance:Test_Cases.Cart@4b85880b]" name="Add_Product_To_Cart" duration-ms="1090" started-at="2024-01-26T17:15:46 EET" data-provider="test_data" finished-at="2024-01-26T17:15:47 EET">
          <params>
            <param index="0">
              <value>
                <![CDATA[standard_user]]>
              </value>
            </param>
            <param index="1">
              <value>
                <![CDATA[secret_sauce]]>
              </value>
            </param>
            <param index="2">
              <value>
                <![CDATA[User_000]]>
              </value>
            </param>
            <param index="3">
              <value>
                <![CDATA[Pass_000]]>
              </value>
            </param>
            <param index="4">
              <value>
                <![CDATA[Antonio ]]>
              </value>
            </param>
            <param index="5">
              <value>
                <![CDATA[Garnier]]>
              </value>
            </param>
            <param index="6">
              <value>
                <![CDATA[a758127]]>
              </value>
            </param>
          </params>
          <reporter-output>
          </reporter-output>
        </test-method> <!-- Add_Product_To_Cart -->
        <test-method status="FAIL" signature="Checkout_With_Empty_Cart(java.lang.String, java.lang.String, java.lang.String, java.lang.String, java.lang.String, java.lang.String, java.lang.String)[pri:2, instance:Test_Cases.Cart@4b85880b]" name="Checkout_With_Empty_Cart" duration-ms="3847" started-at="2024-01-26T17:15:47 EET" data-provider="test_data" finished-at="2024-01-26T17:15:51 EET">
          <params>
            <param index="0">
              <value>
                <![CDATA[standard_user]]>
              </value>
            </param>
            <param index="1">
              <value>
                <![CDATA[secret_sauce]]>
              </value>
            </param>
            <param index="2">
              <value>
                <![CDATA[User_000]]>
              </value>
            </param>
            <param index="3">
              <value>
                <![CDATA[Pass_000]]>
              </value>
            </param>
            <param index="4">
              <value>
                <![CDATA[Antonio ]]>
              </value>
            </param>
            <param index="5">
              <value>
                <![CDATA[Garnier]]>
              </value>
            </param>
            <param index="6">
              <value>
                <![CDATA[a758127]]>
              </value>
            </param>
          </params>
          <exception class="java.lang.AssertionError">
            <message>
              <![CDATA[expected [you should add product first to your cart] but found [Thank you for your order!]]]>
            </message>
            <full-stacktrace>
              <![CDATA[java.lang.AssertionError: expected [you should add product first to your cart] but found [Thank you for your order!]
at org.testng.Assert.fail(Assert.java:97)
at org.testng.Assert.assertEqualsImpl(Assert.java:136)
at org.testng.Assert.assertEquals(Assert.java:118)
at org.testng.Assert.assertEquals(Assert.java:575)
at org.testng.Assert.assertEquals(Assert.java:585)
at Test_Cases.Cart.Checkout_With_Empty_Cart(Cart.java:103)
at sun.reflect.NativeMethodAccessorImpl.invoke0(Native Method)
at sun.reflect.NativeMethodAccessorImpl.invoke(NativeMethodAccessorImpl.java:62)
at sun.reflect.DelegatingMethodAccessorImpl.invoke(DelegatingMethodAccessorImpl.java:43)
at java.lang.reflect.Method.invoke(Method.java:498)
at org.testng.internal.MethodInvocationHelper.invokeMethod(MethodInvocationHelper.java:133)
at org.testng.internal.TestInvoker.invokeMethod(TestInvoker.java:584)
at org.testng.internal.TestInvoker.invokeTestMethod(TestInvoker.java:172)
at org.testng.internal.MethodRunner.runInSequence(MethodRunner.java:46)
at org.testng.internal.TestInvoker$MethodInvocationAgent.invoke(TestInvoker.java:804)
at org.testng.internal.TestInvoker.invokeTestMethods(TestInvoker.java:145)
at org.testng.internal.TestMethodWorker.invokeTestMethods(TestMethodWorker.java:146)
at org.testng.internal.TestMethodWorker.run(TestMethodWorker.java:128)
at java.util.ArrayList.forEach(ArrayList.java:1259)
at org.testng.TestRunner.privateRun(TestRunner.java:770)
at org.testng.TestRunner.run(TestRunner.java:591)
at org.testng.SuiteRunner.runTest(SuiteRunner.java:402)
at org.testng.SuiteRunner.runSequentially(SuiteRunner.java:396)
at org.testng.SuiteRunner.privateRun(SuiteRunner.java:355)
at org.testng.SuiteRunner.run(SuiteRunner.java:304)
at org.testng.SuiteRunnerWorker.runSuite(SuiteRunnerWorker.java:53)
at org.testng.SuiteRunnerWorker.run(SuiteRunnerWorker.java:96)
at org.testng.TestNG.runSuitesSequentially(TestNG.java:1180)
at org.testng.TestNG.runSuitesLocally(TestNG.java:1102)
at org.testng.TestNG.runSuites(TestNG.java:1032)
at org.testng.TestNG.run(TestNG.java:1000)
at org.testng.IDEARemoteTestNG.run(IDEARemoteTestNG.java:72)
at org.testng.RemoteTestNGStarter.main(RemoteTestNGStarter.java:123)
]]>
            </full-stacktrace>
          </exception> <!-- java.lang.AssertionError -->
          <reporter-output>
          </reporter-output>
        </test-method> <!-- Checkout_With_Empty_Cart -->
        <test-method status="PASS" signature="Remove_Product_From_Cart(java.lang.String, java.lang.String, java.lang.String, java.lang.String, java.lang.String, java.lang.String, java.lang.String)[pri:3, instance:Test_Cases.Cart@4b85880b]" name="Remove_Product_From_Cart" duration-ms="768" started-at="2024-01-26T17:15:51 EET" data-provider="test_data" finished-at="2024-01-26T17:15:52 EET">
          <params>
            <param index="0">
              <value>
                <![CDATA[standard_user]]>
              </value>
            </param>
            <param index="1">
              <value>
                <![CDATA[secret_sauce]]>
              </value>
            </param>
            <param index="2">
              <value>
                <![CDATA[User_000]]>
              </value>
            </param>
            <param index="3">
              <value>
                <![CDATA[Pass_000]]>
              </value>
            </param>
            <param index="4">
              <value>
                <![CDATA[Antonio ]]>
              </value>
            </param>
            <param index="5">
              <value>
                <![CDATA[Garnier]]>
              </value>
            </param>
            <param index="6">
              <value>
                <![CDATA[a758127]]>
              </value>
            </param>
          </params>
          <reporter-output>
          </reporter-output>
        </test-method> <!-- Remove_Product_From_Cart -->
        <test-method status="PASS" signature="Back_To_home_Page(java.lang.String, java.lang.String, java.lang.String, java.lang.String, java.lang.String, java.lang.String, java.lang.String)[pri:4, instance:Test_Cases.Cart@4b85880b]" name="Back_To_home_Page" duration-ms="646" started-at="2024-01-26T17:15:52 EET" data-provider="test_data" finished-at="2024-01-26T17:15:53 EET">
          <params>
            <param index="0">
              <value>
                <![CDATA[standard_user]]>
              </value>
            </param>
            <param index="1">
              <value>
                <![CDATA[secret_sauce]]>
              </value>
            </param>
            <param index="2">
              <value>
                <![CDATA[User_000]]>
              </value>
            </param>
            <param index="3">
              <value>
                <![CDATA[Pass_000]]>
              </value>
            </param>
            <param index="4">
              <value>
                <![CDATA[Antonio ]]>
              </value>
            </param>
            <param index="5">
              <value>
                <![CDATA[Garnier]]>
              </value>
            </param>
            <param index="6">
              <value>
                <![CDATA[a758127]]>
              </value>
            </param>
          </params>
          <reporter-output>
          </reporter-output>
        </test-method> <!-- Back_To_home_Page -->
        <test-method status="PASS" signature="Checkout_Test(java.lang.String, java.lang.String, java.lang.String, java.lang.String, java.lang.String, java.lang.String, java.lang.String)[pri:4, instance:Test_Cases.Cart@4b85880b]" name="Checkout_Test" duration-ms="1129" started-at="2024-01-26T17:15:53 EET" data-provider="test_data" finished-at="2024-01-26T17:15:54 EET">
          <params>
            <param index="0">
              <value>
                <![CDATA[standard_user]]>
              </value>
            </param>
            <param index="1">
              <value>
                <![CDATA[secret_sauce]]>
              </value>
            </param>
            <param index="2">
              <value>
                <![CDATA[User_000]]>
              </value>
            </param>
            <param index="3">
              <value>
                <![CDATA[Pass_000]]>
              </value>
            </param>
            <param index="4">
              <value>
                <![CDATA[Antonio ]]>
              </value>
            </param>
            <param index="5">
              <value>
                <![CDATA[Garnier]]>
              </value>
            </param>
            <param index="6">
              <value>
                <![CDATA[a758127]]>
              </value>
            </param>
          </params>
          <reporter-output>
          </reporter-output>
        </test-method> <!-- Checkout_Test -->
        <test-method status="PASS" signature="Close_Browser()[pri:0, instance:Test_Cases.Cart@4b85880b]" name="Close_Browser" is-config="true" duration-ms="3748" started-at="2024-01-26T17:16:23 EET" finished-at="2024-01-26T17:16:27 EET">
          <reporter-output>
          </reporter-output>
        </test-method> <!-- Close_Browser -->
      </class> <!-- Test_Cases.Cart -->
      <class name="Test_Cases.Login">
        <test-method status="PASS" signature="Open_Browser()[pri:0, instance:Test_Cases.Login@18a3962d]" name="Open_Browser" is-config="true" duration-ms="195" started-at="2024-01-26T17:15:39 EET" finished-at="2024-01-26T17:15:39 EET">
          <reporter-output>
          </reporter-output>
        </test-method> <!-- Open_Browser -->
        <test-method status="PASS" signature="TC_Login_With_Registered_Username_And_Correct_Password(java.lang.String, java.lang.String, java.lang.String, java.lang.String, java.lang.String, java.lang.String, java.lang.String)[pri:0, instance:Test_Cases.Login@18a3962d]" name="TC_Login_With_Registered_Username_And_Correct_Password" duration-ms="3104" started-at="2024-01-26T17:15:40 EET" data-provider="test_data" finished-at="2024-01-26T17:15:43 EET">
          <params>
            <param index="0">
              <value>
                <![CDATA[standard_user]]>
              </value>
            </param>
            <param index="1">
              <value>
                <![CDATA[secret_sauce]]>
              </value>
            </param>
            <param index="2">
              <value>
                <![CDATA[User_000]]>
              </value>
            </param>
            <param index="3">
              <value>
                <![CDATA[Pass_000]]>
              </value>
            </param>
            <param index="4">
              <value>
                <![CDATA[Antonio ]]>
              </value>
            </param>
            <param index="5">
              <value>
                <![CDATA[Garnier]]>
              </value>
            </param>
            <param index="6">
              <value>
                <![CDATA[a758127]]>
              </value>
            </param>
          </params>
          <reporter-output>
          </reporter-output>
        </test-method> <!-- TC_Login_With_Registered_Username_And_Correct_Password -->
        <test-method status="PASS" signature="TC_Login_With_Wrong_Username_And_Password(java.lang.String, java.lang.String, java.lang.String, java.lang.String, java.lang.String, java.lang.String, java.lang.String)[pri:1, instance:Test_Cases.Login@18a3962d]" name="TC_Login_With_Wrong_Username_And_Password" duration-ms="724" started-at="2024-01-26T17:15:43 EET" data-provider="test_data" finished-at="2024-01-26T17:15:43 EET">
          <params>
            <param index="0">
              <value>
                <![CDATA[standard_user]]>
              </value>
            </param>
            <param index="1">
              <value>
                <![CDATA[secret_sauce]]>
              </value>
            </param>
            <param index="2">
              <value>
                <![CDATA[User_000]]>
              </value>
            </param>
            <param index="3">
              <value>
                <![CDATA[Pass_000]]>
              </value>
            </param>
            <param index="4">
              <value>
                <![CDATA[Antonio ]]>
              </value>
            </param>
            <param index="5">
              <value>
                <![CDATA[Garnier]]>
              </value>
            </param>
            <param index="6">
              <value>
                <![CDATA[a758127]]>
              </value>
            </param>
          </params>
          <reporter-output>
          </reporter-output>
        </test-method> <!-- TC_Login_With_Wrong_Username_And_Password -->
        <test-method status="PASS" signature="TC_Login_With_Empty_Data(java.lang.String, java.lang.String, java.lang.String, java.lang.String, java.lang.String, java.lang.String, java.lang.String)[pri:2, instance:Test_Cases.Login@18a3962d]" name="TC_Login_With_Empty_Data" duration-ms="259" started-at="2024-01-26T17:15:44 EET" data-provider="test_data" finished-at="2024-01-26T17:15:44 EET">
          <params>
            <param index="0">
              <value>
                <![CDATA[standard_user]]>
              </value>
            </param>
            <param index="1">
              <value>
                <![CDATA[secret_sauce]]>
              </value>
            </param>
            <param index="2">
              <value>
                <![CDATA[User_000]]>
              </value>
            </param>
            <param index="3">
              <value>
                <![CDATA[Pass_000]]>
              </value>
            </param>
            <param index="4">
              <value>
                <![CDATA[Antonio ]]>
              </value>
            </param>
            <param index="5">
              <value>
                <![CDATA[Garnier]]>
              </value>
            </param>
            <param index="6">
              <value>
                <![CDATA[a758127]]>
              </value>
            </param>
          </params>
          <reporter-output>
          </reporter-output>
        </test-method> <!-- TC_Login_With_Empty_Data -->
        <test-method status="PASS" signature="Close_Browser()[pri:0, instance:Test_Cases.Login@18a3962d]" name="Close_Browser" is-config="true" duration-ms="1464" started-at="2024-01-26T17:16:27 EET" finished-at="2024-01-26T17:16:28 EET">
          <reporter-output>
          </reporter-output>
        </test-method> <!-- Close_Browser -->
      </class> <!-- Test_Cases.Login -->
      <class name="Test_Cases.Logout">
        <test-method status="PASS" signature="Open_Browser()[pri:0, instance:Test_Cases.Logout@78aea4b9]" name="Open_Browser" is-config="true" duration-ms="153" started-at="2024-01-26T17:15:39 EET" finished-at="2024-01-26T17:15:39 EET">
          <reporter-output>
          </reporter-output>
        </test-method> <!-- Open_Browser -->
        <test-method status="PASS" signature="Logout_test(java.lang.String, java.lang.String, java.lang.String, java.lang.String, java.lang.String, java.lang.String, java.lang.String)[pri:0, instance:Test_Cases.Logout@78aea4b9]" name="Logout_test" duration-ms="2710" started-at="2024-01-26T17:15:54 EET" data-provider="test_data" finished-at="2024-01-26T17:15:56 EET">
          <params>
            <param index="0">
              <value>
                <![CDATA[standard_user]]>
              </value>
            </param>
            <param index="1">
              <value>
                <![CDATA[secret_sauce]]>
              </value>
            </param>
            <param index="2">
              <value>
                <![CDATA[User_000]]>
              </value>
            </param>
            <param index="3">
              <value>
                <![CDATA[Pass_000]]>
              </value>
            </param>
            <param index="4">
              <value>
                <![CDATA[Antonio ]]>
              </value>
            </param>
            <param index="5">
              <value>
                <![CDATA[Garnier]]>
              </value>
            </param>
            <param index="6">
              <value>
                <![CDATA[a758127]]>
              </value>
            </param>
          </params>
          <reporter-output>
          </reporter-output>
        </test-method> <!-- Logout_test -->
        <test-method status="PASS" signature="CLose_Browser()[pri:0, instance:Test_Cases.Logout@78aea4b9]" name="CLose_Browser" is-config="true" duration-ms="632" started-at="2024-01-26T17:16:28 EET" finished-at="2024-01-26T17:16:29 EET">
          <reporter-output>
          </reporter-output>
        </test-method> <!-- CLose_Browser -->
      </class> <!-- Test_Cases.Logout -->
    </test> <!-- Swag_Laps -->
  </suite> <!-- test -->
</testng-results>
